app/build/intermediates/manifest_merge_blame_file/release/manifest-merger-blame-release-report.txt
1<?xml version="1.0" encoding="utf-8"?>
2<manifest xmlns:android="http://schemas.android.com/apk/res/android"
3    package="com.protik.ocr"
4    android:versionCode="1"
5    android:versionName="1.0" >
6
7    <uses-sdk
8        android:minSdkVersion="22"
8-->src\main\AndroidManifest.xml
9        android:targetSdkVersion="29" />
9-->src\main\AndroidManifest.xml
10
11    <uses-permission android:name="android.permission.CAMERA" />
11-->src\main\AndroidManifest.xml:5:5-64
11-->src\main\AndroidManifest.xml:5:22-62
12
13    <application
13-->src\main\AndroidManifest.xml:7:5-22:19
14        android:allowBackup="true"
14-->src\main\AndroidManifest.xml:8:9-35
15        android:appComponentFactory="androidx.core.app.CoreComponentFactory"
15-->[androidx.core:core:1.0.1] AndroidManifest.xml:22:18-86
16        android:icon="@mipmap/ic_launcher"
16-->src\main\AndroidManifest.xml:9:9-43
17        android:label="@string/app_name"
17-->src\main\AndroidManifest.xml:10:9-41
18        android:roundIcon="@mipmap/ic_launcher_round"
18-->src\main\AndroidManifest.xml:11:9-54
19        android:supportsRtl="true"
19-->src\main\AndroidManifest.xml:12:9-35
20        android:theme="@style/AppTheme" >
20-->src\main\AndroidManifest.xml:13:9-40
21        <activity android:name="com.protik.ocr.MainActivity" >
21-->src\main\AndroidManifest.xml:14:9-20:20
21-->src\main\AndroidManifest.xml:14:19-47
22            <intent-filter>
22-->src\main\AndroidManifest.xml:15:13-19:29
23                <action android:name="android.intent.action.MAIN" />
23-->src\main\AndroidManifest.xml:16:17-69
23-->src\main\AndroidManifest.xml:16:25-66
24
25                <category android:name="android.intent.category.LAUNCHER" />
25-->src\main\AndroidManifest.xml:18:17-77
25-->src\main\AndroidManifest.xml:18:27-74
26            </intent-filter>
27        </activity>
28        <activity android:name="com.theartofdev.edmodo.cropper.CropImageActivity" />
28-->src\main\AndroidManifest.xml:21:9-84
28-->src\main\AndroidManifest.xml:21:19-82
29        <activity
29-->[com.google.android.gms:play-services-base:17.0.0] AndroidManifest.xml:23:9-26:75
30            android:name="com.google.android.gms.common.api.GoogleApiActivity"
30-->[com.google.android.gms:play-services-base:17.0.0] AndroidManifest.xml:24:13-79
31            android:exported="false"
31-->[com.google.android.gms:play-services-base:17.0.0] AndroidManifest.xml:25:13-37
32            android:theme="@android:style/Theme.Translucent.NoTitleBar" />
32-->[com.google.android.gms:play-services-base:17.0.0] AndroidManifest.xml:26:13-72
33
34        <meta-data
34-->[com.google.android.gms:play-services-basement:17.0.0] AndroidManifest.xml:23:9-25:69
35            android:name="com.google.android.gms.version"
35-->[com.google.android.gms:play-services-basement:17.0.0] AndroidManifest.xml:24:13-58
36            android:value="@integer/google_play_services_version" />
36-->[com.google.android.gms:play-services-basement:17.0.0] AndroidManifest.xml:25:13-66
37    </application>
38
39</manifest>